[02:00] 1. SENアプリ 完了
[02:00] 2. EC戦略 完了
[02:00] 3. スケの営業進捗 完了
[02:00] 4. チーム状況 完了
[main 412d0da] auto: 2026-06-17 夜間リサーチ
 11 files changed, 4854 insertions(+), 448 deletions(-)
 create mode 100644 index.html
 create mode 100644 "logs/2026-06/2026-06-17_\345\244\234\351\226\223\343\203\252\343\202\265\343\203\274\343\203\201.md"
 create mode 100644 logs/cron.log
 create mode 100644 "\346\210\220\346\236\234\347\211\251/\350\276\262\346\245\255EC/PROGRESS.md"
 create mode 100644 "\346\210\220\346\236\234\347\211\251/\350\276\262\346\245\255EC/data/categories.js"
 create mode 100644 "\346\210\220\346\236\234\347\211\251/\350\276\262\346\245\255EC/data/farmers.js"
 create mode 100644 "\346\210\220\346\236\234\347\211\251/\350\276\262\346\245\255EC/data/products.js"
 create mode 100644 "\346\210\220\346\236\234\347\211\251/\350\276\262\346\245\255EC/index.html"
 create mode 100644 "\346\210\220\346\236\234\347\211\251/\350\276\262\346\245\255EC/solato/index.html"
fatal: could not read Username for 'https://github.com': Device not configured
✅ 完了・GitHub push済み：/Users/sou/sen-board/logs/2026-06/2026-06-17_夜間リサーチ.md
./scripts/night_research.sh: line 82: COACHING: command not found
./scripts/night_research.sh: line 84: 管理画面: command not found
[02:00] 1. SENアプリ 完了
[02:01] 2. EC戦略 完了
[02:02] 3. スケの営業進捗 完了
[02:02] 4. チーム状況 完了
[main f99d0c2] auto: 2026-06-20 夜間リサーチ
 4 files changed, 2603 insertions(+), 630 deletions(-)
 create mode 100644 "logs/2026-06/2026-06-20_\345\244\234\351\226\223\343\203\252\343\202\265\343\203\274\343\203\201.md"
fatal: could not read Username for 'https://github.com': Device not configured
✅ 完了・GitHub push済み：/Users/sou/sen-board/logs/2026-06/2026-06-20_夜間リサーチ.md
./scripts/night_research.sh: line 82: COACHING: command not found
./scripts/night_research.sh: line 84: 管理画面: command not found
[02:00] 1. SENアプリ 完了
[02:01] 2. EC戦略 完了
[02:02] 3. スケの営業進捗 完了
[02:02] 4. チーム状況 完了
[main 7c8e571] auto: 2026-06-21 夜間リサーチ
 15 files changed, 919 insertions(+), 233 deletions(-)
 create mode 100644 "logs/2026-06/2026-06-21_\345\244\234\351\226\223\343\203\252\343\202\265\343\203\274\343\203\201.md"
 create mode 100644 "\346\210\220\346\236\234\347\211\251/\350\276\262\346\245\255EC/assets/corn.glb"
 create mode 100644 "\346\210\220\346\236\234\347\211\251/\350\276\262\346\245\255EC/assets/corn_ai.glb"
 create mode 100644 "\346\210\220\346\236\234\347\211\251/\350\276\262\346\245\255EC/assets/corn_photo.png"
 create mode 100644 "\346\210\220\346\236\234\347\211\251/\350\276\262\346\245\255EC/assets/corn_v4.png"
 create mode 100644 "\346\210\220\346\236\234\347\211\251/\350\276\262\346\245\255EC/assets/strawberry.glb"
 create mode 100644 "\346\210\220\346\236\234\347\211\251/\350\276\262\346\245\255EC/assets/strawberry_ai.glb"
 create mode 100644 "\346\210\220\346\236\234\347\211\251/\350\276\262\346\245\255EC/assets/strawberry_v2.png"
 create mode 100644 "\346\210\220\346\236\234\347\211\251/\350\276\262\346\245\255EC/preview_ai.html"
 create mode 100644 "\346\210\220\346\236\234\347\211\251/\350\276\262\346\245\255EC/preview_glb.html"
fatal: could not read Username for 'https://github.com': Device not configured
✅ 完了・GitHub push済み：/Users/sou/sen-board/logs/2026-06/2026-06-21_夜間リサーチ.md
./scripts/night_research.sh: line 82: COACHING: command not found
./scripts/night_research.sh: line 84: 管理画面: command not found
[02:00] 1. SENアプリ 完了
[02:01] 2. EC戦略 完了
[02:02] 3. スケの営業進捗 完了
[02:02] 4. チーム状況 完了
[main 85c0c54] auto: 2026-06-22 夜間リサーチ
 3 files changed, 343 insertions(+)
 create mode 100644 "logs/2026-06/2026-06-22_\345\244\234\351\226\223\343\203\252\343\202\265\343\203\274\343\203\201.md"
fatal: could not read Username for 'https://github.com': Device not configured
✅ 完了・GitHub push済み：/Users/sou/sen-board/logs/2026-06/2026-06-22_夜間リサーチ.md
./scripts/night_research.sh: line 82: COACHING: command not found
./scripts/night_research.sh: line 84: 管理画面: command not found
[02:00] 1. SENアプリ 完了
[02:01] 2. EC戦略 完了
[02:02] 3. スケの営業進捗 完了
[02:02] 4. チーム状況 完了
[main 53a5903] auto: 2026-06-25 夜間リサーチ
 3 files changed, 441 insertions(+)
 create mode 100644 "logs/2026-06/2026-06-25_\345\244\234\351\226\223\343\203\252\343\202\265\343\203\274\343\203\201.md"
To https://github.com/sou09012753-netizen/sen-board.git
   fa14be5..53a5903  main -> main
✅ 完了・GitHub push済み：/Users/sou/sen-board/logs/2026-06/2026-06-25_夜間リサーチ.md
/Users/sou/sen-board/scripts/night_research.sh: line 82: COACHING: command not found
/Users/sou/sen-board/scripts/night_research.sh: line 84: 管理画面: command not found
[02:04] 1. SENアプリ 完了
[02:04] 2. EC戦略 完了
[02:04] 3. スケの営業進捗 完了
[02:04] 4. チーム状況 完了
[main 091e768] auto: 2026-06-26 夜間リサーチ
 3 files changed, 34 insertions(+)
 create mode 100644 "logs/2026-06/2026-06-26_\345\244\234\351\226\223\343\203\252\343\202\265\343\203\274\343\203\201.md"
To https://github.com/sou09012753-netizen/sen-board.git
   315e4bd..091e768  main -> main
✅ 完了・GitHub push済み：/Users/sou/sen-board/logs/2026-06/2026-06-26_夜間リサーチ.md
/Users/sou/sen-board/scripts/night_research.sh: line 82: COACHING: command not found
/Users/sou/sen-board/scripts/night_research.sh: line 84: 管理画面: command not found
[02:00] 1. SENアプリ 完了
[02:01] 2. EC戦略 完了
[02:02] 3. スケの営業進捗 完了
[02:02] 4. チーム状況 完了
[main 1b676c9] auto: 2026-06-27 夜間リサーチ
 3 files changed, 442 insertions(+)
 create mode 100644 "logs/2026-06/2026-06-27_\345\244\234\351\226\223\343\203\252\343\202\265\343\203\274\343\203\201.md"
To https://github.com/sou09012753-netizen/sen-board.git
   f1ae409..1b676c9  main -> main
✅ 完了・GitHub push済み：/Users/sou/sen-board/logs/2026-06/2026-06-27_夜間リサーチ.md
/Users/sou/sen-board/scripts/night_research.sh: line 82: COACHING: command not found
/Users/sou/sen-board/scripts/night_research.sh: line 84: 管理画面: command not found
Traceback (most recent call last):
  File "<string>", line 1, in <module>
  File "/Library/Developer/CommandLineTools/Library/Frameworks/Python3.framework/Versions/3.9/lib/python3.9/json/__init__.py", line 293, in load
    return loads(fp.read(),
  File "/Library/Developer/CommandLineTools/Library/Frameworks/Python3.framework/Versions/3.9/lib/python3.9/json/__init__.py", line 346, in loads
    return _default_decoder.decode(s)
  File "/Library/Developer/CommandLineTools/Library/Frameworks/Python3.framework/Versions/3.9/lib/python3.9/json/decoder.py", line 337, in decode
    obj, end = self.raw_decode(s, idx=_w(s, 0).end())
  File "/Library/Developer/CommandLineTools/Library/Frameworks/Python3.framework/Versions/3.9/lib/python3.9/json/decoder.py", line 355, in raw_decode
    raise JSONDecodeError("Expecting value", s, err.value) from None
json.decoder.JSONDecodeError: Expecting value: line 1 column 1 (char 0)
[03:02] 1. SENアプリ 完了
Traceback (most recent call last):
  File "<string>", line 1, in <module>
  File "/Library/Developer/CommandLineTools/Library/Frameworks/Python3.framework/Versions/3.9/lib/python3.9/json/__init__.py", line 293, in load
    return loads(fp.read(),
  File "/Library/Developer/CommandLineTools/Library/Frameworks/Python3.framework/Versions/3.9/lib/python3.9/json/__init__.py", line 346, in loads
    return _default_decoder.decode(s)
  File "/Library/Developer/CommandLineTools/Library/Frameworks/Python3.framework/Versions/3.9/lib/python3.9/json/decoder.py", line 337, in decode
    obj, end = self.raw_decode(s, idx=_w(s, 0).end())
  File "/Library/Developer/CommandLineTools/Library/Frameworks/Python3.framework/Versions/3.9/lib/python3.9/json/decoder.py", line 355, in raw_decode
    raise JSONDecodeError("Expecting value", s, err.value) from None
json.decoder.JSONDecodeError: Expecting value: line 1 column 1 (char 0)
[04:38] 2. EC戦略 完了
Traceback (most recent call last):
  File "<string>", line 1, in <module>
  File "/Library/Developer/CommandLineTools/Library/Frameworks/Python3.framework/Versions/3.9/lib/python3.9/json/__init__.py", line 293, in load
    return loads(fp.read(),
  File "/Library/Developer/CommandLineTools/Library/Frameworks/Python3.framework/Versions/3.9/lib/python3.9/json/__init__.py", line 346, in loads
    return _default_decoder.decode(s)
  File "/Library/Developer/CommandLineTools/Library/Frameworks/Python3.framework/Versions/3.9/lib/python3.9/json/decoder.py", line 337, in decode
    obj, end = self.raw_decode(s, idx=_w(s, 0).end())
  File "/Library/Developer/CommandLineTools/Library/Frameworks/Python3.framework/Versions/3.9/lib/python3.9/json/decoder.py", line 355, in raw_decode
    raise JSONDecodeError("Expecting value", s, err.value) from None
json.decoder.JSONDecodeError: Expecting value: line 1 column 1 (char 0)
[06:10] 3. スケの営業進捗 完了
Traceback (most recent call last):
  File "<string>", line 1, in <module>
  File "/Library/Developer/CommandLineTools/Library/Frameworks/Python3.framework/Versions/3.9/lib/python3.9/json/__init__.py", line 293, in load
    return loads(fp.read(),
  File "/Library/Developer/CommandLineTools/Library/Frameworks/Python3.framework/Versions/3.9/lib/python3.9/json/__init__.py", line 346, in loads
    return _default_decoder.decode(s)
  File "/Library/Developer/CommandLineTools/Library/Frameworks/Python3.framework/Versions/3.9/lib/python3.9/json/decoder.py", line 337, in decode
    obj, end = self.raw_decode(s, idx=_w(s, 0).end())
  File "/Library/Developer/CommandLineTools/Library/Frameworks/Python3.framework/Versions/3.9/lib/python3.9/json/decoder.py", line 355, in raw_decode
    raise JSONDecodeError("Expecting value", s, err.value) from None
json.decoder.JSONDecodeError: Expecting value: line 1 column 1 (char 0)
[07:14] 4. チーム状況 完了
[main 629ac0a] auto: 2026-06-28 夜間リサーチ
 3 files changed, 37 insertions(+)
To https://github.com/sou09012753-netizen/sen-board.git
   62d64ed..629ac0a  main -> main
✅ 完了・GitHub push済み：/Users/sou/sen-board/logs/2026-06/2026-06-28_夜間リサーチ.md
/Users/sou/sen-board/scripts/night_research.sh: line 82: COACHING: command not found
/Users/sou/sen-board/scripts/night_research.sh: line 84: 管理画面: command not found
